[03:31:30.936] Global cache location '/Users/peterchoi/Library/Caches/typescript/4.6', safe file path '/users/peterchoi/documents/projects/rfiready-front-mock/node_modules/typescript/lib/typingsafelist.json', types map path /users/peterchoi/documents/projects/rfiready-front-mock/node_modules/typescript/lib/typesmap.json
[03:31:30.944] Processing cache location '/Users/peterchoi/Library/Caches/typescript/4.6'
[03:31:30.944] Trying to find '/Users/peterchoi/Library/Caches/typescript/4.6/package.json'...
[03:31:30.945] Loaded content of '/Users/peterchoi/Library/Caches/typescript/4.6/package.json': {"private":true,"dependencies":{"types-registry":"^0.1.585"},"devDependencies":{"@types/common-tags":"^1.8.1","@types/dlv":"^1.1.2","@types/eslint":"^8.4.1","@types/eslint-config-prettier":"^6.11.0","@types/eslint-plugin-markdown":"^2.0.0","@types/eslint-plugin-prettier":"^3.1.0","@types/express":"^4.17.13","@types/jest":"^27.4.1","@types/lodash.merge":"^4.6.6","@types/nodemon":"^1.19.1","@types/prettier":"^2.4.4","@types/react-dev-utils":"^9.0.10","@types/require-relative":"^0.8.0","@types/standard-version":"^7.0.1"}}
[03:31:30.945] Loaded content of '/Users/peterchoi/Library/Caches/typescript/4.6/package-lock.json'
[03:31:30.958] Adding entry into typings cache: 'common-tags' => '/Users/peterchoi/Library/Caches/typescript/4.6/node_modules/@types/common-tags/index.d.ts'
[03:31:30.960] Adding entry into typings cache: 'dlv' => '/Users/peterchoi/Library/Caches/typescript/4.6/node_modules/@types/dlv/index.d.ts'
[03:31:30.963] Adding entry into typings cache: 'eslint' => '/Users/peterchoi/Library/Caches/typescript/4.6/node_modules/@types/eslint/index.d.ts'
[03:31:30.964] Adding entry into typings cache: 'eslint-config-prettier' => '/Users/peterchoi/Library/Caches/typescript/4.6/node_modules/@types/eslint-config-prettier/index.d.ts'
[03:31:30.965] Adding entry into typings cache: 'eslint-plugin-markdown' => '/Users/peterchoi/Library/Caches/typescript/4.6/node_modules/@types/eslint-plugin-markdown/index.d.ts'
[03:31:30.966] Adding entry into typings cache: 'eslint-plugin-prettier' => '/Users/peterchoi/Library/Caches/typescript/4.6/node_modules/@types/eslint-plugin-prettier/index.d.ts'
[03:31:30.968] Adding entry into typings cache: 'express' => '/Users/peterchoi/Library/Caches/typescript/4.6/node_modules/@types/express/index.d.ts'
[03:31:30.973] Adding entry into typings cache: 'jest' => '/Users/peterchoi/Library/Caches/typescript/4.6/node_modules/@types/jest/index.d.ts'
[03:31:30.976] Adding entry into typings cache: 'lodash.merge' => '/Users/peterchoi/Library/Caches/typescript/4.6/node_modules/@types/lodash.merge/index.d.ts'
[03:31:30.977] Adding entry into typings cache: 'nodemon' => '/Users/peterchoi/Library/Caches/typescript/4.6/node_modules/@types/nodemon/index.d.ts'
[03:31:30.981] Adding entry into typings cache: 'prettier' => '/Users/peterchoi/Library/Caches/typescript/4.6/node_modules/@types/prettier/index.d.ts'
[03:31:30.982] Adding entry into typings cache: 'react-dev-utils' => '/Users/peterchoi/Library/Caches/typescript/4.6/node_modules/@types/react-dev-utils/index.d.ts'
[03:31:30.983] Adding entry into typings cache: 'require-relative' => '/Users/peterchoi/Library/Caches/typescript/4.6/node_modules/@types/require-relative/index.d.ts'
[03:31:30.984] Adding entry into typings cache: 'standard-version' => '/Users/peterchoi/Library/Caches/typescript/4.6/node_modules/@types/standard-version/index.d.ts'
[03:31:30.984] Finished processing cache location '/Users/peterchoi/Library/Caches/typescript/4.6'
[03:31:30.985] Process id: 45558
[03:31:30.985] NPM location: /Users/peterchoi/.nvm/versions/node/v16.9.1/bin/npm (explicit '--npmLocation' not  provided)
[03:31:30.985] validateDefaultNpmLocation: false
[03:31:30.985] Npm config file: /Users/peterchoi/Library/Caches/typescript/4.6/package.json
[03:31:30.986] Updating types-registry npm package...
[03:31:30.986] Exec: /Users/peterchoi/.nvm/versions/node/v16.9.1/bin/npm install --ignore-scripts types-registry@latest
[03:31:31.909]     Succeeded. stdout:
    
    up to date, audited 73 packages in 677ms

6 packages are looking for funding
  run `npm fund` for details

found 0 vulnerabilities

[03:31:31.909] Updated types-registry npm package
